[[34mINFO [0;39m] [2024-11-09 16:15:39] [main] [MultiApplication:50] Starting MultiApplication using Java 17.0.10 with PID 91206 (/Users/choibyungjae/Desktop/project/0.study/35_multi_tenant/multi/build/classes/java/main started by choibyungjae in /Users/choibyungjae/Desktop/project/0.study/35_multi_tenant/multi)
[[34mINFO [0;39m] [2024-11-09 16:15:39] [main] [MultiApplication:654] No active profile set, falling back to 1 default profile: "default"
[[34mINFO [0;39m] [2024-11-09 16:15:39] [main] [RepositoryConfigurationDelegate:143] Bootstrapping Spring Data JPA repositories in DEFAULT mode.
[[34mINFO [0;39m] [2024-11-09 16:15:39] [main] [RepositoryConfigurationDelegate:211] Finished Spring Data repository scanning in 18 ms. Found 1 JPA repository interface.
[[34mINFO [0;39m] [2024-11-09 16:15:39] [main] [TomcatWebServer:111] Tomcat initialized with port 30081 (http)
[[34mINFO [0;39m] [2024-11-09 16:15:39] [main] [StandardService:173] Starting service [Tomcat]
[[34mINFO [0;39m] [2024-11-09 16:15:39] [main] [StandardEngine:173] Starting Servlet engine: [Apache Tomcat/10.1.31]
[[34mINFO [0;39m] [2024-11-09 16:15:39] [main] [[/]:173] Initializing Spring embedded WebApplicationContext
[[34mINFO [0;39m] [2024-11-09 16:15:39] [main] [ServletWebServerApplicationContext:296] Root WebApplicationContext: initialization completed in 468 ms
[[34mINFO [0;39m] [2024-11-09 16:15:39] [main] [LogHelper:31] HHH000204: Processing PersistenceUnitInfo [name: default]
[[34mINFO [0;39m] [2024-11-09 16:15:39] [main] [Version:44] HHH000412: Hibernate ORM core version 6.5.3.Final
[[34mINFO [0;39m] [2024-11-09 16:15:39] [main] [RegionFactoryInitiator:50] HHH000026: Second-level cache disabled
[[34mINFO [0;39m] [2024-11-09 16:15:39] [main] [HikariDataSource:109] HikariPool-1 - Starting...
[[34mINFO [0;39m] [2024-11-09 16:15:39] [main] [HikariPool:554] HikariPool-1 - Added connection org.postgresql.jdbc.PgConnection@79b63325
[[34mINFO [0;39m] [2024-11-09 16:15:39] [main] [HikariDataSource:122] HikariPool-1 - Start completed.
[[34mINFO [0;39m] [2024-11-09 16:15:39] [main] [SpringPersistenceUnitInfo:87] No LoadTimeWeaver setup: ignoring JPA class transformer
[[34mINFO [0;39m] [2024-11-09 16:15:40] [main] [JtaPlatformInitiator:59] HHH000489: No JTA platform available (set 'hibernate.transaction.jta.platform' to enable JTA platform integration)
[[34mINFO [0;39m] [2024-11-09 16:15:40] [main] [p6spy:60] #1731136540146 | took 11ms | statement | connection 1| url jdbc:postgresql://localhost:36633/a_multidb_1?currentSchema=public
select * from information_schema.sequences
select * from information_schema.sequences;
[[34mINFO [0;39m] [2024-11-09 16:15:40] [main] [p6spy:60] #1731136540165 | took 9ms | statement | connection 1| url jdbc:postgresql://localhost:36633/a_multidb_1?currentSchema=public
create table tb_user_m (user_id bigint generated by default as identity, created_by uuid, created_date timestamp(6), last_modified_by uuid, last_modified_date timestamp(6), mobile varchar(255) not null, password varchar(255) not null, roles varchar(255) not null, username varchar(255) not null, primary key (user_id))
create table tb_user_m (user_id bigint generated by default as identity, created_by uuid, created_date timestamp(6), last_modified_by uuid, last_modified_date timestamp(6), mobile varchar(255) not null, password varchar(255) not null, roles varchar(255) not null, username varchar(255) not null, primary key (user_id));
[[34mINFO [0;39m] [2024-11-09 16:15:40] [main] [p6spy:60] #1731136540166 | took 1ms | statement | connection 1| url jdbc:postgresql://localhost:36633/a_multidb_1?currentSchema=public
comment on column tb_user_m.created_by is '생성자'
comment on column tb_user_m.created_by is '생성자';
[[34mINFO [0;39m] [2024-11-09 16:15:40] [main] [p6spy:60] #1731136540167 | took 0ms | statement | connection 1| url jdbc:postgresql://localhost:36633/a_multidb_1?currentSchema=public
comment on column tb_user_m.created_date is '생성일자'
comment on column tb_user_m.created_date is '생성일자';
[[34mINFO [0;39m] [2024-11-09 16:15:40] [main] [p6spy:60] #1731136540167 | took 0ms | statement | connection 1| url jdbc:postgresql://localhost:36633/a_multidb_1?currentSchema=public
comment on column tb_user_m.last_modified_by is '수정자'
comment on column tb_user_m.last_modified_by is '수정자';
[[34mINFO [0;39m] [2024-11-09 16:15:40] [main] [p6spy:60] #1731136540168 | took 0ms | statement | connection 1| url jdbc:postgresql://localhost:36633/a_multidb_1?currentSchema=public
comment on column tb_user_m.last_modified_date is '수정일자'
comment on column tb_user_m.last_modified_date is '수정일자';
[[34mINFO [0;39m] [2024-11-09 16:15:40] [main] [LocalContainerEntityManagerFactoryBean:437] Initialized JPA EntityManagerFactory for persistence unit 'default'
[[31mWARN [0;39m] [2024-11-09 16:15:40] [main] [UserDetailsServiceAutoConfiguration:86] 

Using generated security password: 601c83f8-a72f-4871-a20e-906a2eb7f839

This generated password is for development use only. Your security configuration must be updated before running your application in production.

[[34mINFO [0;39m] [2024-11-09 16:15:40] [main] [InitializeUserDetailsBeanManagerConfigurer$InitializeUserDetailsManagerConfigurer:113] Global AuthenticationManager configured with UserDetailsService bean with name inMemoryUserDetailsManager
[[34mINFO [0;39m] [2024-11-09 16:15:40] [main] [TomcatWebServer:243] Tomcat started on port 30081 (http) with context path '/'
[[34mINFO [0;39m] [2024-11-09 16:15:40] [main] [MultiApplication:56] Started MultiApplication in 1.641 seconds (process running for 2.067)
[[34mINFO [0;39m] [2024-11-09 16:26:10] [Test worker] [UserRepositoryTest:50] Starting UserRepositoryTest using Java 17.0.10 with PID 96870 (started by choibyungjae in /Users/choibyungjae/Desktop/project/0.study/35_multi_tenant/multi)
[[34mINFO [0;39m] [2024-11-09 16:26:10] [Test worker] [UserRepositoryTest:654] No active profile set, falling back to 1 default profile: "default"
[[34mINFO [0;39m] [2024-11-09 16:26:10] [Test worker] [RepositoryConfigurationDelegate:143] Bootstrapping Spring Data JPA repositories in DEFAULT mode.
[[34mINFO [0;39m] [2024-11-09 16:26:10] [Test worker] [RepositoryConfigurationDelegate:211] Finished Spring Data repository scanning in 13 ms. Found 1 JPA repository interface.
[[34mINFO [0;39m] [2024-11-09 16:26:10] [Test worker] [LogHelper:31] HHH000204: Processing PersistenceUnitInfo [name: default]
[[34mINFO [0;39m] [2024-11-09 16:26:10] [Test worker] [Version:44] HHH000412: Hibernate ORM core version 6.5.3.Final
[[34mINFO [0;39m] [2024-11-09 16:26:10] [Test worker] [RegionFactoryInitiator:50] HHH000026: Second-level cache disabled
[[34mINFO [0;39m] [2024-11-09 16:26:11] [Test worker] [SpringPersistenceUnitInfo:87] No LoadTimeWeaver setup: ignoring JPA class transformer
[[34mINFO [0;39m] [2024-11-09 16:26:11] [Test worker] [HikariDataSource:109] HikariPool-1 - Starting...
[[34mINFO [0;39m] [2024-11-09 16:26:11] [Test worker] [HikariPool:554] HikariPool-1 - Added connection org.postgresql.jdbc.PgConnection@12200670
[[34mINFO [0;39m] [2024-11-09 16:26:11] [Test worker] [HikariDataSource:122] HikariPool-1 - Start completed.
[[34mINFO [0;39m] [2024-11-09 16:26:11] [Test worker] [JtaPlatformInitiator:59] HHH000489: No JTA platform available (set 'hibernate.transaction.jta.platform' to enable JTA platform integration)
[[34mINFO [0;39m] [2024-11-09 16:26:11] [Test worker] [LocalContainerEntityManagerFactoryBean:437] Initialized JPA EntityManagerFactory for persistence unit 'default'
[[34mINFO [0;39m] [2024-11-09 16:26:11] [Test worker] [UserRepositoryTest:56] Started UserRepositoryTest in 1.378 seconds (process running for 1.762)
[[34mINFO [0;39m] [2024-11-09 16:26:12] [Test worker] [p6spy:60] #1731137172104 | took 3ms | statement | connection 1| url jdbc:postgresql://localhost:36633/a_multidb_1?currentSchema=public
insert into tb_user_m (created_by,created_date,last_modified_by,last_modified_date,mobile,password,roles,username) values (?,?,?,?,?,?,?,?) returning user_id
insert into tb_user_m (created_by,created_date,last_modified_by,last_modified_date,mobile,password,roles,username) values (NULL,NULL,NULL,NULL,'mobile1','password1','roles1','username1') returning user_id;
[[34mINFO [0;39m] [2024-11-09 16:26:12] [Test worker] [p6spy:60] #1731137172122 | took 0ms | rollback | connection 1| url jdbc:postgresql://localhost:36633/a_multidb_1?currentSchema=public

;
[[34mINFO [0;39m] [2024-11-09 16:26:12] [SpringApplicationShutdownHook] [LocalContainerEntityManagerFactoryBean:650] Closing JPA EntityManagerFactory for persistence unit 'default'
[[34mINFO [0;39m] [2024-11-09 16:26:12] [SpringApplicationShutdownHook] [HikariDataSource:349] HikariPool-1 - Shutdown initiated...
[[34mINFO [0;39m] [2024-11-09 16:26:12] [SpringApplicationShutdownHook] [HikariDataSource:351] HikariPool-1 - Shutdown completed.
[[34mINFO [0;39m] [2024-11-09 16:28:58] [Test worker] [UserRepositoryTest:50] Starting UserRepositoryTest using Java 17.0.10 with PID 98384 (started by choibyungjae in /Users/choibyungjae/Desktop/project/0.study/35_multi_tenant/multi)
[[34mINFO [0;39m] [2024-11-09 16:28:58] [Test worker] [UserRepositoryTest:654] No active profile set, falling back to 1 default profile: "default"
[[34mINFO [0;39m] [2024-11-09 16:28:58] [Test worker] [RepositoryConfigurationDelegate:143] Bootstrapping Spring Data JPA repositories in DEFAULT mode.
[[34mINFO [0;39m] [2024-11-09 16:28:58] [Test worker] [RepositoryConfigurationDelegate:211] Finished Spring Data repository scanning in 16 ms. Found 1 JPA repository interface.
[[34mINFO [0;39m] [2024-11-09 16:28:59] [Test worker] [LogHelper:31] HHH000204: Processing PersistenceUnitInfo [name: default]
[[34mINFO [0;39m] [2024-11-09 16:28:59] [Test worker] [Version:44] HHH000412: Hibernate ORM core version 6.5.3.Final
[[34mINFO [0;39m] [2024-11-09 16:28:59] [Test worker] [RegionFactoryInitiator:50] HHH000026: Second-level cache disabled
[[34mINFO [0;39m] [2024-11-09 16:28:59] [Test worker] [SpringPersistenceUnitInfo:87] No LoadTimeWeaver setup: ignoring JPA class transformer
[[34mINFO [0;39m] [2024-11-09 16:28:59] [Test worker] [HikariDataSource:109] HikariPool-1 - Starting...
[[34mINFO [0;39m] [2024-11-09 16:28:59] [Test worker] [HikariPool:554] HikariPool-1 - Added connection org.postgresql.jdbc.PgConnection@6a878778
[[34mINFO [0;39m] [2024-11-09 16:28:59] [Test worker] [HikariDataSource:122] HikariPool-1 - Start completed.
[[34mINFO [0;39m] [2024-11-09 16:28:59] [Test worker] [JtaPlatformInitiator:59] HHH000489: No JTA platform available (set 'hibernate.transaction.jta.platform' to enable JTA platform integration)
[[34mINFO [0;39m] [2024-11-09 16:28:59] [Test worker] [LocalContainerEntityManagerFactoryBean:437] Initialized JPA EntityManagerFactory for persistence unit 'default'
[[34mINFO [0;39m] [2024-11-09 16:28:59] [Test worker] [UserRepositoryTest:56] Started UserRepositoryTest in 1.412 seconds (process running for 1.8)
[[34mINFO [0;39m] [2024-11-09 16:29:00] [Test worker] [p6spy:60] #1731137340154 | took 2ms | statement | connection 1| url jdbc:postgresql://localhost:36633/a_multidb_1?currentSchema=public
insert into tb_user_m (created_by,created_date,last_modified_by,last_modified_date,mobile,password,roles,username) values (?,?,?,?,?,?,?,?) returning user_id
insert into tb_user_m (created_by,created_date,last_modified_by,last_modified_date,mobile,password,roles,username) values (NULL,NULL,NULL,NULL,'mobile1','password1','roles1','username1') returning user_id;
[[34mINFO [0;39m] [2024-11-09 16:29:00] [Test worker] [p6spy:60] #1731137340182 | took 2ms | commit | connection 1| url jdbc:postgresql://localhost:36633/a_multidb_1?currentSchema=public

;
[[34mINFO [0;39m] [2024-11-09 16:29:00] [SpringApplicationShutdownHook] [LocalContainerEntityManagerFactoryBean:650] Closing JPA EntityManagerFactory for persistence unit 'default'
[[34mINFO [0;39m] [2024-11-09 16:29:00] [SpringApplicationShutdownHook] [HikariDataSource:349] HikariPool-1 - Shutdown initiated...
[[34mINFO [0;39m] [2024-11-09 16:29:00] [SpringApplicationShutdownHook] [HikariDataSource:351] HikariPool-1 - Shutdown completed.
[[34mINFO [0;39m] [2024-11-09 16:37:34] [SpringApplicationShutdownHook] [LocalContainerEntityManagerFactoryBean:650] Closing JPA EntityManagerFactory for persistence unit 'default'
[[34mINFO [0;39m] [2024-11-09 16:37:34] [SpringApplicationShutdownHook] [HikariDataSource:349] HikariPool-1 - Shutdown initiated...
[[34mINFO [0;39m] [2024-11-09 16:37:34] [SpringApplicationShutdownHook] [HikariDataSource:351] HikariPool-1 - Shutdown completed.
[[34mINFO [0;39m] [2024-11-09 16:37:48] [main] [MultiApplication:50] Starting MultiApplication using Java 17.0.10 with PID 3618 (/Users/choibyungjae/Desktop/project/0.study/35_multi_tenant/multi/build/classes/java/main started by choibyungjae in /Users/choibyungjae/Desktop/project/0.study/35_multi_tenant/multi)
[[34mINFO [0;39m] [2024-11-09 16:37:48] [main] [MultiApplication:654] No active profile set, falling back to 1 default profile: "default"
[[34mINFO [0;39m] [2024-11-09 16:37:48] [main] [RepositoryConfigurationDelegate:143] Bootstrapping Spring Data JPA repositories in DEFAULT mode.
[[34mINFO [0;39m] [2024-11-09 16:37:48] [main] [RepositoryConfigurationDelegate:211] Finished Spring Data repository scanning in 15 ms. Found 1 JPA repository interface.
[[34mINFO [0;39m] [2024-11-09 16:37:49] [main] [TomcatWebServer:111] Tomcat initialized with port 30081 (http)
[[34mINFO [0;39m] [2024-11-09 16:37:49] [main] [StandardService:173] Starting service [Tomcat]
[[34mINFO [0;39m] [2024-11-09 16:37:49] [main] [StandardEngine:173] Starting Servlet engine: [Apache Tomcat/10.1.31]
[[34mINFO [0;39m] [2024-11-09 16:37:49] [main] [[/]:173] Initializing Spring embedded WebApplicationContext
[[34mINFO [0;39m] [2024-11-09 16:37:49] [main] [ServletWebServerApplicationContext:296] Root WebApplicationContext: initialization completed in 421 ms
[[34mINFO [0;39m] [2024-11-09 16:37:49] [main] [LogHelper:31] HHH000204: Processing PersistenceUnitInfo [name: default]
[[34mINFO [0;39m] [2024-11-09 16:37:49] [main] [Version:44] HHH000412: Hibernate ORM core version 6.5.3.Final
[[34mINFO [0;39m] [2024-11-09 16:37:49] [main] [RegionFactoryInitiator:50] HHH000026: Second-level cache disabled
[[34mINFO [0;39m] [2024-11-09 16:37:49] [main] [SpringPersistenceUnitInfo:87] No LoadTimeWeaver setup: ignoring JPA class transformer
[[34mINFO [0;39m] [2024-11-09 16:37:49] [main] [HikariDataSource:109] HikariPool-1 - Starting...
[[34mINFO [0;39m] [2024-11-09 16:37:49] [main] [HikariPool:554] HikariPool-1 - Added connection org.postgresql.jdbc.PgConnection@18cbc3c2
[[34mINFO [0;39m] [2024-11-09 16:37:49] [main] [HikariDataSource:122] HikariPool-1 - Start completed.
[[34mINFO [0;39m] [2024-11-09 16:37:49] [main] [JtaPlatformInitiator:59] HHH000489: No JTA platform available (set 'hibernate.transaction.jta.platform' to enable JTA platform integration)
[[34mINFO [0;39m] [2024-11-09 16:37:49] [main] [LocalContainerEntityManagerFactoryBean:437] Initialized JPA EntityManagerFactory for persistence unit 'default'
[[34mINFO [0;39m] [2024-11-09 16:37:49] [main] [QueryEnhancerFactory:49] Hibernate is in classpath; If applicable, HQL parser will be used.
[[31mWARN [0;39m] [2024-11-09 16:37:49] [main] [AnnotationConfigServletWebServerApplicationContext:633] Exception encountered during context initialization - cancelling refresh attempt: org.springframework.beans.factory.BeanCreationException: Error creating bean with name 'openAPI' defined in class path resource [kr/co/mhnt/multi/config/swagger/OpenApiConfig.class]: Unexpected exception during bean creation
[[34mINFO [0;39m] [2024-11-09 16:37:49] [main] [LocalContainerEntityManagerFactoryBean:650] Closing JPA EntityManagerFactory for persistence unit 'default'
[[34mINFO [0;39m] [2024-11-09 16:37:49] [main] [HikariDataSource:349] HikariPool-1 - Shutdown initiated...
[[34mINFO [0;39m] [2024-11-09 16:37:49] [main] [HikariDataSource:351] HikariPool-1 - Shutdown completed.
[[34mINFO [0;39m] [2024-11-09 16:37:49] [main] [StandardService:173] Stopping service [Tomcat]
[[34mINFO [0;39m] [2024-11-09 16:37:49] [main] [ConditionEvaluationReportLogger:82] 

Error starting ApplicationContext. To display the condition evaluation report re-run your application with 'debug' enabled.
[[1;31mERROR[0;39m] [2024-11-09 16:37:49] [main] [SpringApplication:859] Application run failed
org.springframework.beans.factory.BeanCreationException: Error creating bean with name 'openAPI' defined in class path resource [kr/co/mhnt/multi/config/swagger/OpenApiConfig.class]: Unexpected exception during bean creation
	at org.springframework.beans.factory.support.AbstractAutowireCapableBeanFactory.createBean(AbstractAutowireCapableBeanFactory.java:535)
	at org.springframework.beans.factory.support.AbstractBeanFactory.lambda$doGetBean$0(AbstractBeanFactory.java:337)
	at org.springframework.beans.factory.support.DefaultSingletonBeanRegistry.getSingleton(DefaultSingletonBeanRegistry.java:234)
	at org.springframework.beans.factory.support.AbstractBeanFactory.doGetBean(AbstractBeanFactory.java:335)
	at org.springframework.beans.factory.support.AbstractBeanFactory.getBean(AbstractBeanFactory.java:200)
	at org.springframework.beans.factory.support.DefaultListableBeanFactory.preInstantiateSingletons(DefaultListableBeanFactory.java:975)
	at org.springframework.context.support.AbstractApplicationContext.finishBeanFactoryInitialization(AbstractApplicationContext.java:971)
	at org.springframework.context.support.AbstractApplicationContext.refresh(AbstractApplicationContext.java:625)
	at org.springframework.boot.web.servlet.context.ServletWebServerApplicationContext.refresh(ServletWebServerApplicationContext.java:146)
	at org.springframework.boot.SpringApplication.refresh(SpringApplication.java:754)
	at org.springframework.boot.SpringApplication.refreshContext(SpringApplication.java:456)
	at org.springframework.boot.SpringApplication.run(SpringApplication.java:335)
	at org.springframework.boot.SpringApplication.run(SpringApplication.java:1363)
	at org.springframework.boot.SpringApplication.run(SpringApplication.java:1352)
	at kr.co.mhnt.multi.MultiApplication.main(MultiApplication.java:10)
Caused by: java.lang.IllegalArgumentException: Could not resolve placeholder 'springdoc.version' in value "${springdoc.version}"
	at org.springframework.util.PropertyPlaceholderHelper.parseStringValue(PropertyPlaceholderHelper.java:180)
	at org.springframework.util.PropertyPlaceholderHelper.replacePlaceholders(PropertyPlaceholderHelper.java:126)
	at org.springframework.core.env.AbstractPropertyResolver.doResolvePlaceholders(AbstractPropertyResolver.java:239)
	at org.springframework.core.env.AbstractPropertyResolver.resolveRequiredPlaceholders(AbstractPropertyResolver.java:210)
	at org.springframework.context.support.PropertySourcesPlaceholderConfigurer.lambda$processProperties$0(PropertySourcesPlaceholderConfigurer.java:200)
	at org.springframework.beans.factory.support.AbstractBeanFactory.resolveEmbeddedValue(AbstractBeanFactory.java:964)
	at org.springframework.beans.factory.support.DefaultListableBeanFactory.doResolveDependency(DefaultListableBeanFactory.java:1374)
	at org.springframework.beans.factory.support.DefaultListableBeanFactory.resolveDependency(DefaultListableBeanFactory.java:1353)
	at org.springframework.beans.factory.support.ConstructorResolver.resolveAutowiredArgument(ConstructorResolver.java:904)
	at org.springframework.beans.factory.support.ConstructorResolver.createArgumentArray(ConstructorResolver.java:782)
	at org.springframework.beans.factory.support.ConstructorResolver.instantiateUsingFactoryMethod(ConstructorResolver.java:542)
	at org.springframework.beans.factory.support.AbstractAutowireCapableBeanFactory.instantiateUsingFactoryMethod(AbstractAutowireCapableBeanFactory.java:1355)
	at org.springframework.beans.factory.support.AbstractAutowireCapableBeanFactory.createBeanInstance(AbstractAutowireCapableBeanFactory.java:1185)
	at org.springframework.beans.factory.support.AbstractAutowireCapableBeanFactory.doCreateBean(AbstractAutowireCapableBeanFactory.java:562)
	at org.springframework.beans.factory.support.AbstractAutowireCapableBeanFactory.createBean(AbstractAutowireCapableBeanFactory.java:522)
	... 14 common frames omitted
[[34mINFO [0;39m] [2024-11-09 16:39:31] [main] [MultiApplication:50] Starting MultiApplication using Java 17.0.10 with PID 4578 (/Users/choibyungjae/Desktop/project/0.study/35_multi_tenant/multi/build/classes/java/main started by choibyungjae in /Users/choibyungjae/Desktop/project/0.study/35_multi_tenant/multi)
[[34mINFO [0;39m] [2024-11-09 16:39:31] [main] [MultiApplication:654] No active profile set, falling back to 1 default profile: "default"
[[34mINFO [0;39m] [2024-11-09 16:39:31] [main] [RepositoryConfigurationDelegate:143] Bootstrapping Spring Data JPA repositories in DEFAULT mode.
[[34mINFO [0;39m] [2024-11-09 16:39:31] [main] [RepositoryConfigurationDelegate:211] Finished Spring Data repository scanning in 14 ms. Found 1 JPA repository interface.
[[34mINFO [0;39m] [2024-11-09 16:39:31] [main] [TomcatWebServer:111] Tomcat initialized with port 30081 (http)
[[34mINFO [0;39m] [2024-11-09 16:39:31] [main] [StandardService:173] Starting service [Tomcat]
[[34mINFO [0;39m] [2024-11-09 16:39:31] [main] [StandardEngine:173] Starting Servlet engine: [Apache Tomcat/10.1.31]
[[34mINFO [0;39m] [2024-11-09 16:39:31] [main] [[/]:173] Initializing Spring embedded WebApplicationContext
[[34mINFO [0;39m] [2024-11-09 16:39:31] [main] [ServletWebServerApplicationContext:296] Root WebApplicationContext: initialization completed in 419 ms
[[34mINFO [0;39m] [2024-11-09 16:39:31] [main] [LogHelper:31] HHH000204: Processing PersistenceUnitInfo [name: default]
[[34mINFO [0;39m] [2024-11-09 16:39:31] [main] [Version:44] HHH000412: Hibernate ORM core version 6.5.3.Final
[[34mINFO [0;39m] [2024-11-09 16:39:31] [main] [RegionFactoryInitiator:50] HHH000026: Second-level cache disabled
[[34mINFO [0;39m] [2024-11-09 16:39:31] [main] [SpringPersistenceUnitInfo:87] No LoadTimeWeaver setup: ignoring JPA class transformer
[[34mINFO [0;39m] [2024-11-09 16:39:31] [main] [HikariDataSource:109] HikariPool-1 - Starting...
[[34mINFO [0;39m] [2024-11-09 16:39:31] [main] [HikariPool:554] HikariPool-1 - Added connection org.postgresql.jdbc.PgConnection@654b899f
[[34mINFO [0;39m] [2024-11-09 16:39:31] [main] [HikariDataSource:122] HikariPool-1 - Start completed.
[[34mINFO [0;39m] [2024-11-09 16:39:32] [main] [JtaPlatformInitiator:59] HHH000489: No JTA platform available (set 'hibernate.transaction.jta.platform' to enable JTA platform integration)
[[34mINFO [0;39m] [2024-11-09 16:39:32] [main] [LocalContainerEntityManagerFactoryBean:437] Initialized JPA EntityManagerFactory for persistence unit 'default'
[[34mINFO [0;39m] [2024-11-09 16:39:32] [main] [QueryEnhancerFactory:49] Hibernate is in classpath; If applicable, HQL parser will be used.
[[34mINFO [0;39m] [2024-11-09 16:39:32] [main] [TomcatWebServer:243] Tomcat started on port 30081 (http) with context path '/'
[[34mINFO [0;39m] [2024-11-09 16:39:32] [main] [MultiApplication:56] Started MultiApplication in 1.508 seconds (process running for 1.686)
[[34mINFO [0;39m] [2024-11-09 16:39:36] [http-nio-0.0.0.0-30081-exec-1] [[/]:173] Initializing Spring DispatcherServlet 'dispatcherServlet'
[[34mINFO [0;39m] [2024-11-09 16:39:36] [http-nio-0.0.0.0-30081-exec-1] [DispatcherServlet:532] Initializing Servlet 'dispatcherServlet'
[[34mINFO [0;39m] [2024-11-09 16:39:36] [http-nio-0.0.0.0-30081-exec-1] [DispatcherServlet:554] Completed initialization in 0 ms
[[34mINFO [0;39m] [2024-11-09 16:39:36] [http-nio-0.0.0.0-30081-exec-10] [AbstractOpenApiResource:390] Init duration for springdoc-openapi is: 70 ms
[[34mINFO [0;39m] [2024-11-09 16:39:40] [http-nio-0.0.0.0-30081-exec-1] [UserController:29] ### UserController.findUserName
[[34mINFO [0;39m] [2024-11-09 16:39:40] [http-nio-0.0.0.0-30081-exec-1] [UserService:16] ### UserService.findUserName
[[34mINFO [0;39m] [2024-11-09 16:39:40] [http-nio-0.0.0.0-30081-exec-1] [p6spy:60] #1731137980462 | took 2ms | statement | connection 1| url jdbc:postgresql://localhost:36633/a_multidb_1?currentSchema=public
select u1_0.username from tb_user_m u1_0 where u1_0.user_id=?
select u1_0.username from tb_user_m u1_0 where u1_0.user_id=1;
[[34mINFO [0;39m] [2024-11-09 16:41:41] [SpringApplicationShutdownHook] [LocalContainerEntityManagerFactoryBean:650] Closing JPA EntityManagerFactory for persistence unit 'default'
[[34mINFO [0;39m] [2024-11-09 16:41:41] [SpringApplicationShutdownHook] [HikariDataSource:349] HikariPool-1 - Shutdown initiated...
[[34mINFO [0;39m] [2024-11-09 16:41:41] [SpringApplicationShutdownHook] [HikariDataSource:351] HikariPool-1 - Shutdown completed.
[[34mINFO [0;39m] [2024-11-09 16:41:42] [main] [MultiApplication:50] Starting MultiApplication using Java 17.0.10 with PID 5727 (/Users/choibyungjae/Desktop/project/0.study/35_multi_tenant/multi/build/classes/java/main started by choibyungjae in /Users/choibyungjae/Desktop/project/0.study/35_multi_tenant/multi)
[[34mINFO [0;39m] [2024-11-09 16:41:42] [main] [MultiApplication:654] No active profile set, falling back to 1 default profile: "default"
[[34mINFO [0;39m] [2024-11-09 16:41:42] [main] [RepositoryConfigurationDelegate:143] Bootstrapping Spring Data JPA repositories in DEFAULT mode.
[[34mINFO [0;39m] [2024-11-09 16:41:42] [main] [RepositoryConfigurationDelegate:211] Finished Spring Data repository scanning in 15 ms. Found 1 JPA repository interface.
[[34mINFO [0;39m] [2024-11-09 16:41:42] [main] [TomcatWebServer:111] Tomcat initialized with port 30081 (http)
[[34mINFO [0;39m] [2024-11-09 16:41:42] [main] [StandardService:173] Starting service [Tomcat]
[[34mINFO [0;39m] [2024-11-09 16:41:42] [main] [StandardEngine:173] Starting Servlet engine: [Apache Tomcat/10.1.31]
[[34mINFO [0;39m] [2024-11-09 16:41:42] [main] [[/]:173] Initializing Spring embedded WebApplicationContext
[[34mINFO [0;39m] [2024-11-09 16:41:42] [main] [ServletWebServerApplicationContext:296] Root WebApplicationContext: initialization completed in 436 ms
[[34mINFO [0;39m] [2024-11-09 16:41:42] [main] [LogHelper:31] HHH000204: Processing PersistenceUnitInfo [name: default]
[[34mINFO [0;39m] [2024-11-09 16:41:43] [main] [Version:44] HHH000412: Hibernate ORM core version 6.5.3.Final
[[34mINFO [0;39m] [2024-11-09 16:41:43] [main] [RegionFactoryInitiator:50] HHH000026: Second-level cache disabled
[[34mINFO [0;39m] [2024-11-09 16:41:43] [main] [SpringPersistenceUnitInfo:87] No LoadTimeWeaver setup: ignoring JPA class transformer
[[34mINFO [0;39m] [2024-11-09 16:41:43] [main] [HikariDataSource:109] HikariPool-1 - Starting...
[[34mINFO [0;39m] [2024-11-09 16:41:43] [main] [HikariPool:554] HikariPool-1 - Added connection org.postgresql.jdbc.PgConnection@3ca278bc
[[34mINFO [0;39m] [2024-11-09 16:41:43] [main] [HikariDataSource:122] HikariPool-1 - Start completed.
[[34mINFO [0;39m] [2024-11-09 16:41:43] [main] [JtaPlatformInitiator:59] HHH000489: No JTA platform available (set 'hibernate.transaction.jta.platform' to enable JTA platform integration)
[[34mINFO [0;39m] [2024-11-09 16:41:43] [main] [LocalContainerEntityManagerFactoryBean:437] Initialized JPA EntityManagerFactory for persistence unit 'default'
[[34mINFO [0;39m] [2024-11-09 16:41:43] [main] [QueryEnhancerFactory:49] Hibernate is in classpath; If applicable, HQL parser will be used.
[[34mINFO [0;39m] [2024-11-09 16:41:43] [main] [TomcatWebServer:243] Tomcat started on port 30081 (http) with context path '/'
[[34mINFO [0;39m] [2024-11-09 16:41:43] [main] [MultiApplication:56] Started MultiApplication in 1.506 seconds (process running for 1.821)
[[34mINFO [0;39m] [2024-11-09 16:41:46] [http-nio-0.0.0.0-30081-exec-1] [[/]:173] Initializing Spring DispatcherServlet 'dispatcherServlet'
[[34mINFO [0;39m] [2024-11-09 16:41:46] [http-nio-0.0.0.0-30081-exec-1] [DispatcherServlet:532] Initializing Servlet 'dispatcherServlet'
[[34mINFO [0;39m] [2024-11-09 16:41:46] [http-nio-0.0.0.0-30081-exec-1] [DispatcherServlet:554] Completed initialization in 1 ms
[[34mINFO [0;39m] [2024-11-09 16:41:46] [http-nio-0.0.0.0-30081-exec-1] [UserController:29] ### UserController.findUserName
[[34mINFO [0;39m] [2024-11-09 16:41:46] [http-nio-0.0.0.0-30081-exec-1] [UserService:16] ### UserService.findUserName
[[34mINFO [0;39m] [2024-11-09 16:41:46] [http-nio-0.0.0.0-30081-exec-1] [p6spy:60] #1731138106285 | took 2ms | statement | connection 1| url jdbc:postgresql://localhost:36633/a_multidb_1?currentSchema=public
select u1_0.username from tb_user_m u1_0 where u1_0.user_id=?
select u1_0.username from tb_user_m u1_0 where u1_0.user_id=1;
[[34mINFO [0;39m] [2024-11-09 16:41:46] [http-nio-0.0.0.0-30081-exec-1] [UserController:31] result = admin
[[34mINFO [0;39m] [2024-11-09 16:53:18] [http-nio-0.0.0.0-30081-exec-4] [UserController:29] ### UserController.findUserName
[[34mINFO [0;39m] [2024-11-09 16:53:18] [http-nio-0.0.0.0-30081-exec-4] [UserService:16] ### UserService.findUserName
[[34mINFO [0;39m] [2024-11-09 16:53:18] [http-nio-0.0.0.0-30081-exec-4] [p6spy:60] #1731138798306 | took 0ms | statement | connection 2| url jdbc:postgresql://localhost:36633/a_multidb_1?currentSchema=public
select u1_0.username from tb_user_m u1_0 where u1_0.user_id=?
select u1_0.username from tb_user_m u1_0 where u1_0.user_id=1;
[[34mINFO [0;39m] [2024-11-09 16:53:18] [http-nio-0.0.0.0-30081-exec-4] [UserController:31] result = admin
[[34mINFO [0;39m] [2024-11-09 16:53:27] [http-nio-0.0.0.0-30081-exec-6] [UserController:29] ### UserController.findUserName
[[34mINFO [0;39m] [2024-11-09 16:53:27] [http-nio-0.0.0.0-30081-exec-6] [UserService:16] ### UserService.findUserName
[[34mINFO [0;39m] [2024-11-09 16:53:27] [http-nio-0.0.0.0-30081-exec-6] [p6spy:60] #1731138807322 | took 0ms | statement | connection 3| url jdbc:postgresql://localhost:36633/a_multidb_1?currentSchema=public
select u1_0.username from tb_user_m u1_0 where u1_0.user_id=?
select u1_0.username from tb_user_m u1_0 where u1_0.user_id=1;
[[34mINFO [0;39m] [2024-11-09 16:53:27] [http-nio-0.0.0.0-30081-exec-6] [UserController:31] result = admin
[[34mINFO [0;39m] [2024-11-09 16:53:41] [SpringApplicationShutdownHook] [LocalContainerEntityManagerFactoryBean:650] Closing JPA EntityManagerFactory for persistence unit 'default'
[[34mINFO [0;39m] [2024-11-09 16:53:41] [SpringApplicationShutdownHook] [HikariDataSource:349] HikariPool-1 - Shutdown initiated...
[[34mINFO [0;39m] [2024-11-09 16:53:41] [SpringApplicationShutdownHook] [HikariDataSource:351] HikariPool-1 - Shutdown completed.
[[34mINFO [0;39m] [2024-11-09 16:53:42] [main] [MultiApplication:50] Starting MultiApplication using Java 17.0.10 with PID 12025 (/Users/choibyungjae/Desktop/project/0.study/35_multi_tenant/multi/build/classes/java/main started by choibyungjae in /Users/choibyungjae/Desktop/project/0.study/35_multi_tenant/multi)
[[34mINFO [0;39m] [2024-11-09 16:53:42] [main] [MultiApplication:654] No active profile set, falling back to 1 default profile: "default"
[[34mINFO [0;39m] [2024-11-09 16:53:42] [main] [RepositoryConfigurationDelegate:143] Bootstrapping Spring Data JPA repositories in DEFAULT mode.
[[34mINFO [0;39m] [2024-11-09 16:53:42] [main] [RepositoryConfigurationDelegate:211] Finished Spring Data repository scanning in 14 ms. Found 1 JPA repository interface.
[[34mINFO [0;39m] [2024-11-09 16:53:43] [main] [TomcatWebServer:111] Tomcat initialized with port 30081 (http)
[[34mINFO [0;39m] [2024-11-09 16:53:43] [main] [StandardService:173] Starting service [Tomcat]
[[34mINFO [0;39m] [2024-11-09 16:53:43] [main] [StandardEngine:173] Starting Servlet engine: [Apache Tomcat/10.1.31]
[[34mINFO [0;39m] [2024-11-09 16:53:43] [main] [[/]:173] Initializing Spring embedded WebApplicationContext
[[34mINFO [0;39m] [2024-11-09 16:53:43] [main] [ServletWebServerApplicationContext:296] Root WebApplicationContext: initialization completed in 417 ms
[[34mINFO [0;39m] [2024-11-09 16:53:43] [main] [LogHelper:31] HHH000204: Processing PersistenceUnitInfo [name: default]
[[34mINFO [0;39m] [2024-11-09 16:53:43] [main] [Version:44] HHH000412: Hibernate ORM core version 6.5.3.Final
[[34mINFO [0;39m] [2024-11-09 16:53:43] [main] [RegionFactoryInitiator:50] HHH000026: Second-level cache disabled
[[34mINFO [0;39m] [2024-11-09 16:53:43] [main] [SpringPersistenceUnitInfo:87] No LoadTimeWeaver setup: ignoring JPA class transformer
[[34mINFO [0;39m] [2024-11-09 16:53:43] [main] [HikariDataSource:109] HikariPool-1 - Starting...
[[34mINFO [0;39m] [2024-11-09 16:53:43] [main] [HikariPool:554] HikariPool-1 - Added connection org.postgresql.jdbc.PgConnection@734cf881
[[34mINFO [0;39m] [2024-11-09 16:53:43] [main] [HikariDataSource:122] HikariPool-1 - Start completed.
[[34mINFO [0;39m] [2024-11-09 16:53:43] [main] [JtaPlatformInitiator:59] HHH000489: No JTA platform available (set 'hibernate.transaction.jta.platform' to enable JTA platform integration)
[[34mINFO [0;39m] [2024-11-09 16:53:43] [main] [LocalContainerEntityManagerFactoryBean:437] Initialized JPA EntityManagerFactory for persistence unit 'default'
[[34mINFO [0;39m] [2024-11-09 16:53:43] [main] [QueryEnhancerFactory:49] Hibernate is in classpath; If applicable, HQL parser will be used.
[[34mINFO [0;39m] [2024-11-09 16:53:44] [main] [TomcatWebServer:243] Tomcat started on port 30081 (http) with context path '/'
[[34mINFO [0;39m] [2024-11-09 16:53:44] [main] [MultiApplication:56] Started MultiApplication in 1.505 seconds (process running for 1.821)
[[34mINFO [0;39m] [2024-11-09 16:53:49] [http-nio-0.0.0.0-30081-exec-1] [[/]:173] Initializing Spring DispatcherServlet 'dispatcherServlet'
[[34mINFO [0;39m] [2024-11-09 16:53:49] [http-nio-0.0.0.0-30081-exec-1] [DispatcherServlet:532] Initializing Servlet 'dispatcherServlet'
[[34mINFO [0;39m] [2024-11-09 16:53:49] [http-nio-0.0.0.0-30081-exec-1] [DispatcherServlet:554] Completed initialization in 0 ms
[[34mINFO [0;39m] [2024-11-09 16:53:49] [http-nio-0.0.0.0-30081-exec-1] [UserController:29] ### UserController.findUserName
[[34mINFO [0;39m] [2024-11-09 16:53:49] [http-nio-0.0.0.0-30081-exec-1] [UserService:16] ### UserService.findUserName
[[34mINFO [0;39m] [2024-11-09 16:53:49] [http-nio-0.0.0.0-30081-exec-1] [p6spy:60] #1731138829196 | took 3ms | statement | connection 1| url jdbc:postgresql://localhost:36633/a_multidb_1?currentSchema=public
select u1_0.username from tb_user_m u1_0 where u1_0.user_id=?
select u1_0.username from tb_user_m u1_0 where u1_0.user_id=1;
[[34mINFO [0;39m] [2024-11-09 16:53:49] [http-nio-0.0.0.0-30081-exec-1] [UserController:31] result = admin
[[34mINFO [0;39m] [2024-11-09 16:56:41] [SpringApplicationShutdownHook] [LocalContainerEntityManagerFactoryBean:650] Closing JPA EntityManagerFactory for persistence unit 'default'
[[34mINFO [0;39m] [2024-11-09 16:56:41] [SpringApplicationShutdownHook] [HikariDataSource:349] HikariPool-1 - Shutdown initiated...
[[34mINFO [0;39m] [2024-11-09 16:56:41] [SpringApplicationShutdownHook] [HikariDataSource:351] HikariPool-1 - Shutdown completed.
[[34mINFO [0;39m] [2024-11-09 16:56:42] [main] [MultiApplication:50] Starting MultiApplication using Java 17.0.10 with PID 13604 (/Users/choibyungjae/Desktop/project/0.study/35_multi_tenant/multi/build/classes/java/main started by choibyungjae in /Users/choibyungjae/Desktop/project/0.study/35_multi_tenant/multi)
[[34mINFO [0;39m] [2024-11-09 16:56:42] [main] [MultiApplication:654] No active profile set, falling back to 1 default profile: "default"
[[34mINFO [0;39m] [2024-11-09 16:56:42] [main] [RepositoryConfigurationDelegate:143] Bootstrapping Spring Data JPA repositories in DEFAULT mode.
[[34mINFO [0;39m] [2024-11-09 16:56:42] [main] [RepositoryConfigurationDelegate:211] Finished Spring Data repository scanning in 14 ms. Found 1 JPA repository interface.
[[34mINFO [0;39m] [2024-11-09 16:56:42] [main] [TomcatWebServer:111] Tomcat initialized with port 30081 (http)
[[34mINFO [0;39m] [2024-11-09 16:56:42] [main] [StandardService:173] Starting service [Tomcat]
[[34mINFO [0;39m] [2024-11-09 16:56:42] [main] [StandardEngine:173] Starting Servlet engine: [Apache Tomcat/10.1.31]
[[34mINFO [0;39m] [2024-11-09 16:56:42] [main] [[/]:173] Initializing Spring embedded WebApplicationContext
[[34mINFO [0;39m] [2024-11-09 16:56:42] [main] [ServletWebServerApplicationContext:296] Root WebApplicationContext: initialization completed in 436 ms
[[34mINFO [0;39m] [2024-11-09 16:56:42] [main] [LogHelper:31] HHH000204: Processing PersistenceUnitInfo [name: default]
[[34mINFO [0;39m] [2024-11-09 16:56:42] [main] [Version:44] HHH000412: Hibernate ORM core version 6.5.3.Final
[[34mINFO [0;39m] [2024-11-09 16:56:42] [main] [RegionFactoryInitiator:50] HHH000026: Second-level cache disabled
[[34mINFO [0;39m] [2024-11-09 16:56:43] [main] [SpringPersistenceUnitInfo:87] No LoadTimeWeaver setup: ignoring JPA class transformer
[[34mINFO [0;39m] [2024-11-09 16:56:43] [main] [HikariDataSource:109] HikariPool-1 - Starting...
[[34mINFO [0;39m] [2024-11-09 16:56:43] [main] [HikariPool:554] HikariPool-1 - Added connection org.postgresql.jdbc.PgConnection@287ad0da
[[34mINFO [0;39m] [2024-11-09 16:56:43] [main] [HikariDataSource:122] HikariPool-1 - Start completed.
[[34mINFO [0;39m] [2024-11-09 16:56:43] [main] [JtaPlatformInitiator:59] HHH000489: No JTA platform available (set 'hibernate.transaction.jta.platform' to enable JTA platform integration)
[[34mINFO [0;39m] [2024-11-09 16:56:43] [main] [LocalContainerEntityManagerFactoryBean:437] Initialized JPA EntityManagerFactory for persistence unit 'default'
[[34mINFO [0;39m] [2024-11-09 16:56:43] [main] [QueryEnhancerFactory:49] Hibernate is in classpath; If applicable, HQL parser will be used.
[[34mINFO [0;39m] [2024-11-09 16:56:43] [main] [TomcatWebServer:243] Tomcat started on port 30081 (http) with context path '/'
[[34mINFO [0;39m] [2024-11-09 16:56:43] [main] [MultiApplication:56] Started MultiApplication in 1.545 seconds (process running for 1.729)
[[34mINFO [0;39m] [2024-11-09 16:56:53] [http-nio-0.0.0.0-30081-exec-1] [[/]:173] Initializing Spring DispatcherServlet 'dispatcherServlet'
[[34mINFO [0;39m] [2024-11-09 16:56:53] [http-nio-0.0.0.0-30081-exec-1] [DispatcherServlet:532] Initializing Servlet 'dispatcherServlet'
[[34mINFO [0;39m] [2024-11-09 16:56:53] [http-nio-0.0.0.0-30081-exec-1] [DispatcherServlet:554] Completed initialization in 1 ms
[[34mINFO [0;39m] [2024-11-09 16:56:53] [http-nio-0.0.0.0-30081-exec-1] [UserController:29] ### UserController.findUserName
[[34mINFO [0;39m] [2024-11-09 16:56:53] [http-nio-0.0.0.0-30081-exec-1] [UserService:16] ### UserService.findUserName
[[34mINFO [0;39m] [2024-11-09 16:56:53] [http-nio-0.0.0.0-30081-exec-1] [p6spy:60] #1731139013642 | took 3ms | statement | connection 1| url jdbc:postgresql://localhost:36633/a_multidb_1?currentSchema=public
select u1_0.username from tb_user_m u1_0 where u1_0.user_id=?
select u1_0.username from tb_user_m u1_0 where u1_0.user_id=1;
[[34mINFO [0;39m] [2024-11-09 16:56:53] [http-nio-0.0.0.0-30081-exec-1] [UserController:31] result = admin
[[31mWARN [0;39m] [2024-11-09 17:13:54] [HikariPool-1 housekeeper] [HikariPool:797] HikariPool-1 - Thread starvation or clock leap detected (housekeeper delta=1m41s432ms).
[[34mINFO [0;39m] [2024-11-09 17:21:16] [SpringApplicationShutdownHook] [LocalContainerEntityManagerFactoryBean:650] Closing JPA EntityManagerFactory for persistence unit 'default'
[[34mINFO [0;39m] [2024-11-09 17:21:16] [SpringApplicationShutdownHook] [HikariDataSource:349] HikariPool-1 - Shutdown initiated...
[[34mINFO [0;39m] [2024-11-09 17:21:16] [SpringApplicationShutdownHook] [HikariDataSource:351] HikariPool-1 - Shutdown completed.
[[34mINFO [0;39m] [2024-11-09 17:21:18] [main] [MultiApplication:50] Starting MultiApplication using Java 17.0.10 with PID 25869 (/Users/choibyungjae/Desktop/project/0.study/35_multi_tenant/multi/build/classes/java/main started by choibyungjae in /Users/choibyungjae/Desktop/project/0.study/35_multi_tenant/multi)
[[34mINFO [0;39m] [2024-11-09 17:21:18] [main] [MultiApplication:654] No active profile set, falling back to 1 default profile: "default"
[[34mINFO [0;39m] [2024-11-09 17:21:18] [main] [RepositoryConfigurationDelegate:143] Bootstrapping Spring Data JPA repositories in DEFAULT mode.
[[34mINFO [0;39m] [2024-11-09 17:21:18] [main] [RepositoryConfigurationDelegate:211] Finished Spring Data repository scanning in 15 ms. Found 1 JPA repository interface.
[[34mINFO [0;39m] [2024-11-09 17:21:18] [main] [TomcatWebServer:111] Tomcat initialized with port 30081 (http)
[[34mINFO [0;39m] [2024-11-09 17:21:18] [main] [StandardService:173] Starting service [Tomcat]
[[34mINFO [0;39m] [2024-11-09 17:21:18] [main] [StandardEngine:173] Starting Servlet engine: [Apache Tomcat/10.1.31]
[[34mINFO [0;39m] [2024-11-09 17:21:18] [main] [[/]:173] Initializing Spring embedded WebApplicationContext
[[34mINFO [0;39m] [2024-11-09 17:21:18] [main] [ServletWebServerApplicationContext:296] Root WebApplicationContext: initialization completed in 442 ms
[[34mINFO [0;39m] [2024-11-09 17:21:18] [main] [LogHelper:31] HHH000204: Processing PersistenceUnitInfo [name: default]
[[34mINFO [0;39m] [2024-11-09 17:21:18] [main] [Version:44] HHH000412: Hibernate ORM core version 6.5.3.Final
[[34mINFO [0;39m] [2024-11-09 17:21:18] [main] [RegionFactoryInitiator:50] HHH000026: Second-level cache disabled
[[34mINFO [0;39m] [2024-11-09 17:21:18] [main] [HikariDataSource:109] HikariPool-1 - Starting...
[[34mINFO [0;39m] [2024-11-09 17:21:18] [main] [HikariPool:554] HikariPool-1 - Added connection org.postgresql.jdbc.PgConnection@58182b96
[[34mINFO [0;39m] [2024-11-09 17:21:18] [main] [HikariDataSource:122] HikariPool-1 - Start completed.
[[34mINFO [0;39m] [2024-11-09 17:21:19] [main] [SpringPersistenceUnitInfo:87] No LoadTimeWeaver setup: ignoring JPA class transformer
[[34mINFO [0;39m] [2024-11-09 17:21:19] [main] [JtaPlatformInitiator:59] HHH000489: No JTA platform available (set 'hibernate.transaction.jta.platform' to enable JTA platform integration)
[[34mINFO [0;39m] [2024-11-09 17:21:19] [main] [LocalContainerEntityManagerFactoryBean:437] Initialized JPA EntityManagerFactory for persistence unit 'default'
[[34mINFO [0;39m] [2024-11-09 17:21:19] [main] [QueryEnhancerFactory:49] Hibernate is in classpath; If applicable, HQL parser will be used.
[[34mINFO [0;39m] [2024-11-09 17:21:19] [main] [TomcatWebServer:243] Tomcat started on port 30081 (http) with context path '/'
[[34mINFO [0;39m] [2024-11-09 17:21:19] [main] [MultiApplication:56] Started MultiApplication in 1.552 seconds (process running for 1.861)
[[34mINFO [0;39m] [2024-11-09 17:23:32] [SpringApplicationShutdownHook] [LocalContainerEntityManagerFactoryBean:650] Closing JPA EntityManagerFactory for persistence unit 'default'
[[34mINFO [0;39m] [2024-11-09 17:23:32] [SpringApplicationShutdownHook] [HikariDataSource:349] HikariPool-1 - Shutdown initiated...
[[34mINFO [0;39m] [2024-11-09 17:23:32] [SpringApplicationShutdownHook] [HikariDataSource:351] HikariPool-1 - Shutdown completed.
[[34mINFO [0;39m] [2024-11-09 17:23:34] [main] [MultiApplication:50] Starting MultiApplication using Java 17.0.10 with PID 27045 (/Users/choibyungjae/Desktop/project/0.study/35_multi_tenant/multi/build/classes/java/main started by choibyungjae in /Users/choibyungjae/Desktop/project/0.study/35_multi_tenant/multi)
[[34mINFO [0;39m] [2024-11-09 17:23:34] [main] [MultiApplication:654] No active profile set, falling back to 1 default profile: "default"
[[34mINFO [0;39m] [2024-11-09 17:23:34] [main] [RepositoryConfigurationDelegate:143] Bootstrapping Spring Data JPA repositories in DEFAULT mode.
[[34mINFO [0;39m] [2024-11-09 17:23:34] [main] [RepositoryConfigurationDelegate:211] Finished Spring Data repository scanning in 15 ms. Found 1 JPA repository interface.
[[34mINFO [0;39m] [2024-11-09 17:23:34] [main] [TomcatWebServer:111] Tomcat initialized with port 30081 (http)
[[34mINFO [0;39m] [2024-11-09 17:23:34] [main] [StandardService:173] Starting service [Tomcat]
[[34mINFO [0;39m] [2024-11-09 17:23:34] [main] [StandardEngine:173] Starting Servlet engine: [Apache Tomcat/10.1.31]
[[34mINFO [0;39m] [2024-11-09 17:23:34] [main] [[/]:173] Initializing Spring embedded WebApplicationContext
[[34mINFO [0;39m] [2024-11-09 17:23:34] [main] [ServletWebServerApplicationContext:296] Root WebApplicationContext: initialization completed in 443 ms
[[34mINFO [0;39m] [2024-11-09 17:23:34] [main] [LogHelper:31] HHH000204: Processing PersistenceUnitInfo [name: default]
[[34mINFO [0;39m] [2024-11-09 17:23:34] [main] [Version:44] HHH000412: Hibernate ORM core version 6.5.3.Final
[[34mINFO [0;39m] [2024-11-09 17:23:34] [main] [RegionFactoryInitiator:50] HHH000026: Second-level cache disabled
[[34mINFO [0;39m] [2024-11-09 17:23:34] [main] [HikariDataSource:109] HikariPool-1 - Starting...
[[34mINFO [0;39m] [2024-11-09 17:23:34] [main] [HikariPool:554] HikariPool-1 - Added connection org.postgresql.jdbc.PgConnection@3c07e830
[[34mINFO [0;39m] [2024-11-09 17:23:34] [main] [HikariDataSource:122] HikariPool-1 - Start completed.
[[34mINFO [0;39m] [2024-11-09 17:23:34] [main] [SpringPersistenceUnitInfo:87] No LoadTimeWeaver setup: ignoring JPA class transformer
[[34mINFO [0;39m] [2024-11-09 17:23:35] [main] [JtaPlatformInitiator:59] HHH000489: No JTA platform available (set 'hibernate.transaction.jta.platform' to enable JTA platform integration)
[[34mINFO [0;39m] [2024-11-09 17:23:35] [main] [LocalContainerEntityManagerFactoryBean:437] Initialized JPA EntityManagerFactory for persistence unit 'default'
[[34mINFO [0;39m] [2024-11-09 17:23:35] [main] [QueryEnhancerFactory:49] Hibernate is in classpath; If applicable, HQL parser will be used.
[[34mINFO [0;39m] [2024-11-09 17:23:35] [main] [TomcatWebServer:243] Tomcat started on port 30081 (http) with context path '/'
[[34mINFO [0;39m] [2024-11-09 17:23:35] [main] [MultiApplication:56] Started MultiApplication in 1.578 seconds (process running for 1.886)
[[34mINFO [0;39m] [2024-11-09 17:23:41] [http-nio-0.0.0.0-30081-exec-2] [[/]:173] Initializing Spring DispatcherServlet 'dispatcherServlet'
[[34mINFO [0;39m] [2024-11-09 17:23:41] [http-nio-0.0.0.0-30081-exec-2] [DispatcherServlet:532] Initializing Servlet 'dispatcherServlet'
[[34mINFO [0;39m] [2024-11-09 17:23:41] [http-nio-0.0.0.0-30081-exec-2] [DispatcherServlet:554] Completed initialization in 1 ms
[[34mINFO [0;39m] [2024-11-09 17:23:41] [http-nio-0.0.0.0-30081-exec-2] [UserController:29] ### UserController.findUserName
[[34mINFO [0;39m] [2024-11-09 17:23:41] [http-nio-0.0.0.0-30081-exec-2] [UserService:16] ### UserService.findUserName
[[34mINFO [0;39m] [2024-11-09 17:23:41] [http-nio-0.0.0.0-30081-exec-2] [p6spy:60] #1731140621560 | took 3ms | statement | connection 1| url jdbc:postgresql://localhost:36633/a_multidb_1?currentSchema=public
select u1_0.username from tb_user_m u1_0 where u1_0.user_id=?
select u1_0.username from tb_user_m u1_0 where u1_0.user_id=1;
[[34mINFO [0;39m] [2024-11-09 17:23:41] [http-nio-0.0.0.0-30081-exec-2] [UserController:31] result = admin
[[34mINFO [0;39m] [2024-11-09 17:24:04] [SpringApplicationShutdownHook] [LocalContainerEntityManagerFactoryBean:650] Closing JPA EntityManagerFactory for persistence unit 'default'
[[34mINFO [0;39m] [2024-11-09 17:24:04] [SpringApplicationShutdownHook] [HikariDataSource:349] HikariPool-1 - Shutdown initiated...
[[34mINFO [0;39m] [2024-11-09 17:24:04] [SpringApplicationShutdownHook] [HikariDataSource:351] HikariPool-1 - Shutdown completed.
[[34mINFO [0;39m] [2024-11-09 17:24:05] [main] [MultiApplication:50] Starting MultiApplication using Java 17.0.10 with PID 27366 (/Users/choibyungjae/Desktop/project/0.study/35_multi_tenant/multi/build/classes/java/main started by choibyungjae in /Users/choibyungjae/Desktop/project/0.study/35_multi_tenant/multi)
[[34mINFO [0;39m] [2024-11-09 17:24:05] [main] [MultiApplication:654] No active profile set, falling back to 1 default profile: "default"
[[34mINFO [0;39m] [2024-11-09 17:24:06] [main] [RepositoryConfigurationDelegate:143] Bootstrapping Spring Data JPA repositories in DEFAULT mode.
[[34mINFO [0;39m] [2024-11-09 17:24:06] [main] [RepositoryConfigurationDelegate:211] Finished Spring Data repository scanning in 15 ms. Found 1 JPA repository interface.
[[34mINFO [0;39m] [2024-11-09 17:24:06] [main] [TomcatWebServer:111] Tomcat initialized with port 30081 (http)
[[34mINFO [0;39m] [2024-11-09 17:24:06] [main] [StandardService:173] Starting service [Tomcat]
[[34mINFO [0;39m] [2024-11-09 17:24:06] [main] [StandardEngine:173] Starting Servlet engine: [Apache Tomcat/10.1.31]
[[34mINFO [0;39m] [2024-11-09 17:24:06] [main] [[/]:173] Initializing Spring embedded WebApplicationContext
[[34mINFO [0;39m] [2024-11-09 17:24:06] [main] [ServletWebServerApplicationContext:296] Root WebApplicationContext: initialization completed in 494 ms
[[34mINFO [0;39m] [2024-11-09 17:24:06] [main] [LogHelper:31] HHH000204: Processing PersistenceUnitInfo [name: default]
[[34mINFO [0;39m] [2024-11-09 17:24:06] [main] [Version:44] HHH000412: Hibernate ORM core version 6.5.3.Final
[[34mINFO [0;39m] [2024-11-09 17:24:06] [main] [RegionFactoryInitiator:50] HHH000026: Second-level cache disabled
[[34mINFO [0;39m] [2024-11-09 17:24:06] [main] [HikariDataSource:109] HikariPool-1 - Starting...
[[34mINFO [0;39m] [2024-11-09 17:24:06] [main] [HikariPool:554] HikariPool-1 - Added connection org.postgresql.jdbc.PgConnection@74cd798f
[[34mINFO [0;39m] [2024-11-09 17:24:06] [main] [HikariDataSource:122] HikariPool-1 - Start completed.
[[34mINFO [0;39m] [2024-11-09 17:24:06] [main] [SpringPersistenceUnitInfo:87] No LoadTimeWeaver setup: ignoring JPA class transformer
[[34mINFO [0;39m] [2024-11-09 17:24:06] [main] [JtaPlatformInitiator:59] HHH000489: No JTA platform available (set 'hibernate.transaction.jta.platform' to enable JTA platform integration)
[[34mINFO [0;39m] [2024-11-09 17:24:06] [main] [LocalContainerEntityManagerFactoryBean:437] Initialized JPA EntityManagerFactory for persistence unit 'default'
[[34mINFO [0;39m] [2024-11-09 17:24:07] [main] [QueryEnhancerFactory:49] Hibernate is in classpath; If applicable, HQL parser will be used.
[[34mINFO [0;39m] [2024-11-09 17:24:07] [main] [TomcatWebServer:243] Tomcat started on port 30081 (http) with context path '/'
[[34mINFO [0;39m] [2024-11-09 17:24:07] [main] [MultiApplication:56] Started MultiApplication in 1.656 seconds (process running for 1.839)
[[34mINFO [0;39m] [2024-11-09 17:24:19] [http-nio-0.0.0.0-30081-exec-2] [[/]:173] Initializing Spring DispatcherServlet 'dispatcherServlet'
[[34mINFO [0;39m] [2024-11-09 17:24:19] [http-nio-0.0.0.0-30081-exec-2] [DispatcherServlet:532] Initializing Servlet 'dispatcherServlet'
[[34mINFO [0;39m] [2024-11-09 17:24:19] [http-nio-0.0.0.0-30081-exec-2] [DispatcherServlet:554] Completed initialization in 1 ms
[[34mINFO [0;39m] [2024-11-09 17:24:19] [http-nio-0.0.0.0-30081-exec-2] [UserController:29] ### UserController.findUserName
[[34mINFO [0;39m] [2024-11-09 17:24:19] [http-nio-0.0.0.0-30081-exec-2] [UserService:16] ### UserService.findUserName
[[34mINFO [0;39m] [2024-11-09 17:24:19] [http-nio-0.0.0.0-30081-exec-2] [p6spy:60] #1731140659551 | took 2ms | statement | connection 1| url jdbc:postgresql://localhost:36633/a_multidb_1?currentSchema=public
select u1_0.username from tb_user_m u1_0 where u1_0.user_id=?
select u1_0.username from tb_user_m u1_0 where u1_0.user_id=1;
[[34mINFO [0;39m] [2024-11-09 17:24:19] [http-nio-0.0.0.0-30081-exec-2] [UserController:31] result = admin
[[34mINFO [0;39m] [2024-11-09 17:26:00] [SpringApplicationShutdownHook] [LocalContainerEntityManagerFactoryBean:650] Closing JPA EntityManagerFactory for persistence unit 'default'
[[34mINFO [0;39m] [2024-11-09 17:26:00] [SpringApplicationShutdownHook] [HikariDataSource:349] HikariPool-1 - Shutdown initiated...
[[34mINFO [0;39m] [2024-11-09 17:26:00] [SpringApplicationShutdownHook] [HikariDataSource:351] HikariPool-1 - Shutdown completed.
